[2026-07-03T07:26:11.333Z] GET https://github.com/moshiur/portfolio → pending (?ms, ?B)
[2026-07-03T07:26:12.521Z] GET https://github.githubassets.com/assets/light-4fded0090af0ad58.css → 200 (147ms, 7000B)
[2026-07-03T07:26:12.521Z] GET https://github.githubassets.com/assets/light_high_contrast-cf8e26bc17e62ebc.css → 200 (171ms, 7059B)
[2026-07-03T07:26:12.522Z] GET https://github.githubassets.com/assets/dark-06381ff23d863842.css → 200 (156ms, 6712B)
[2026-07-03T07:26:12.522Z] GET https://github.githubassets.com/assets/dark_high_contrast-9023e6605402defb.css → 200 (156ms, 6817B)
[2026-07-03T07:26:12.522Z] GET https://github.githubassets.com/assets/primer-primitives-b39ad27f3538ace3.css → 200 (308ms, 2388B)
[2026-07-03T07:26:12.522Z] GET https://github.githubassets.com/assets/primer-afede9cc1831f1df.css → 200 (204ms, 43305B)
[2026-07-03T07:26:12.522Z] GET https://github.githubassets.com/assets/global-eff6b778655b1531.css → 200 (307ms, 41220B)
[2026-07-03T07:26:12.522Z] GET https://github.githubassets.com/assets/github-eab9c5888b163e42.css → 200 (203ms, 23217B)
[2026-07-03T07:26:12.523Z] GET https://github.githubassets.com/assets/repository-5c3491d57145b94f.css → 200 (170ms, 5246B)
[2026-07-03T07:26:12.523Z] GET https://github.githubassets.com/assets/code-075555990693196f.css → 200 (206ms, 4962B)
[2026-07-03T07:26:12.523Z] GET https://github.githubassets.com/assets/high-contrast-cookie-a5e0a53475dda603.js → 200 (200ms, 729B)
[2026-07-03T07:26:12.523Z] GET https://github.githubassets.com/assets/wp-runtime-a8120e7e1f924de8.js → 200 (308ms, 22704B)
[2026-07-03T07:26:12.523Z] GET https://github.githubassets.com/assets/fetch-utilities-a37106741bcc477d.js → 200 (306ms, 3300B)
[2026-07-03T07:26:12.523Z] GET https://github.githubassets.com/assets/78205-490cbc32cb03f2c4.js → 200 (194ms, 6247B)
[2026-07-03T07:26:12.523Z] GET https://github.githubassets.com/assets/85924-fb319ed7734a3255.js → 200 (189ms, 5304B)
[2026-07-03T07:26:12.523Z] GET https://github.githubassets.com/assets/34646-fd025d89aebf481f.js → 200 (305ms, 7502B)
[2026-07-03T07:26:12.524Z] GET https://github.githubassets.com/assets/environment-206299963839690a.js → 200 (188ms, 7489B)
[2026-07-03T07:26:12.524Z] GET https://github.githubassets.com/assets/runtime-helpers-1ab84bfcdfd252a7.js → 200 (359ms, 1256B)
[2026-07-03T07:26:12.524Z] GET https://github.githubassets.com/assets/296-dd7acbc3c57bc2df.js → 200 (395ms, 7500B)
[2026-07-03T07:26:12.524Z] GET https://github.githubassets.com/assets/57131-96925ee146d82566.js → 200 (352ms, 5631B)
[2026-07-03T07:26:12.524Z] GET https://github.githubassets.com/assets/816-267fa8a626344744.js → 200 (351ms, 4464B)
[2026-07-03T07:26:12.524Z] GET https://github.githubassets.com/assets/78121-700198d991c19201.js → 200 (352ms, 7278B)
[2026-07-03T07:26:12.524Z] GET https://github.githubassets.com/assets/81683-3566d15213106a0d.js → 200 (201ms, 5605B)
[2026-07-03T07:26:12.525Z] GET https://github.githubassets.com/assets/64458-988347c24883c3dc.js → 200 (199ms, 5081B)
[2026-07-03T07:26:12.525Z] GET https://github.githubassets.com/assets/46740-245323eebf4a2bd5.js → 200 (199ms, 4011B)
[2026-07-03T07:26:12.525Z] GET https://github.githubassets.com/assets/3650-2d2c2aa6afec76de.js → 200 (398ms, 33510B)
[2026-07-03T07:26:12.525Z] GET https://github.githubassets.com/assets/17127-d486438dd582dbb8.js → 200 (395ms, 2625B)
[2026-07-03T07:26:12.525Z] GET https://github.githubassets.com/assets/github-elements-908aaaa22fbfa2a1.js → 200 (396ms, 10898B)
[2026-07-03T07:26:12.525Z] GET https://github.githubassets.com/assets/element-registry-78eeaa4db5bee520.js → 200 (395ms, 12338B)
[2026-07-03T07:26:12.525Z] GET https://github.githubassets.com/assets/react-core-9bccf6fab86332ba.js → 200 (397ms, 79308B)
[2026-07-03T07:26:12.526Z] GET https://github.githubassets.com/assets/react-lib-57bed375ade723a7.js → 200 (396ms, 89827B)
[2026-07-03T07:26:12.526Z] GET https://github.githubassets.com/assets/63143-7622d55d24560a56.js → 200 (394ms, 6076B)
[2026-07-03T07:26:12.526Z] GET https://github.githubassets.com/assets/79039-3efc4ce0c2830d00.js → 200 (394ms, 5099B)
[2026-07-03T07:26:12.526Z] GET https://github.githubassets.com/assets/88475-734f67255a069671.js → 200 (397ms, 3742B)
[2026-07-03T07:26:12.526Z] GET https://github.githubassets.com/assets/2887-6bb5fc2f7d7910bf.js → 200 (396ms, 2473B)
[2026-07-03T07:26:12.526Z] GET https://github.githubassets.com/assets/62220-0c9944955b4e2cbb.js → 200 (396ms, 3976B)
[2026-07-03T07:26:12.526Z] GET https://github.githubassets.com/assets/26533-c0816c13ac9e6327.js → 200 (400ms, 18704B)
[2026-07-03T07:26:12.526Z] GET https://github.githubassets.com/assets/7088-4eaf1fbdb5e0697b.js → 200 (395ms, 3213B)
[2026-07-03T07:26:12.526Z] GET https://github.githubassets.com/assets/9506-5679f156315d844a.js → 200 (395ms, 14616B)
[2026-07-03T07:26:12.526Z] GET https://github.githubassets.com/assets/53320-0a81d3275826594e.js → 200 (395ms, 3760B)
[2026-07-03T07:26:12.526Z] GET https://github.githubassets.com/assets/46287-3f3e28b04377fdb2.js → 200 (395ms, 7730B)
[2026-07-03T07:26:12.526Z] GET https://github.githubassets.com/assets/23548-06460d6ad6134b8e.js → 200 (399ms, 12620B)
[2026-07-03T07:26:12.526Z] GET https://github.githubassets.com/assets/89627-d6568840e3302a2b.js → 200 (399ms, 4025B)
[2026-07-03T07:26:12.526Z] GET https://github.githubassets.com/assets/55682-4f9c532916993730.js → 200 (399ms, 4167B)
[2026-07-03T07:26:12.527Z] GET https://github.githubassets.com/assets/49029-7ca2ead5f497f031.js → 200 (398ms, 3331B)
[2026-07-03T07:26:12.527Z] GET https://github.githubassets.com/assets/99328-0f824473476788e3.js → 200 (397ms, 3085B)
[2026-07-03T07:26:12.527Z] GET https://github.githubassets.com/assets/behaviors-5d83773da9c1079f.js → 200 (424ms, 56151B)
[2026-07-03T07:26:12.527Z] GET https://github.githubassets.com/assets/react-core.0e2552c483430348.module.css → 200 (199ms, 693B)
[2026-07-03T07:26:12.527Z] GET https://github.githubassets.com/assets/61272-f2158b5d00e77e7b.js → 200 (397ms, 4646B)
[2026-07-03T07:26:12.527Z] GET https://github.githubassets.com/assets/notifications-global-af6906205a03177b.js → 200 (396ms, 3279B)
[2026-07-03T07:26:12.527Z] GET https://github.githubassets.com/assets/57639-c11f2fce6b8a5462.js → 200 (414ms, 6031B)
[2026-07-03T07:26:12.527Z] GET https://github.githubassets.com/assets/81276-145830a72e9e51c9.js → 200 (399ms, 7320B)
[2026-07-03T07:26:12.527Z] GET https://github.githubassets.com/assets/19930-c2749e0e22d03aed.js → 200 (399ms, 3723B)
[2026-07-03T07:26:12.527Z] GET https://github.githubassets.com/assets/codespaces-91d92fa1ee037235.js → 200 (399ms, 7461B)
[2026-07-03T07:26:12.527Z] GET https://github.githubassets.com/assets/98304-e396ebf96aff23e2.js → 200 (399ms, 6826B)
[2026-07-03T07:26:12.527Z] GET https://github.githubassets.com/assets/22511-5019be5cf2f2ee7f.js → 200 (398ms, 4415B)
[2026-07-03T07:26:12.527Z] GET https://github.githubassets.com/assets/99291-403f46a5e087d3f2.js → 200 (398ms, 3725B)
[2026-07-03T07:26:12.527Z] GET https://github.githubassets.com/assets/repositories-503541abbb66307e.js → 200 (399ms, 14114B)
[2026-07-03T07:26:12.527Z] GET https://github.githubassets.com/assets/49810-e52c2ee97a6effdf.js → 200 (425ms, 7246B)
[2026-07-03T07:26:12.527Z] GET https://github.githubassets.com/assets/code-menu-4f4e2278287583c6.js → 200 (424ms, 3646B)
[2026-07-03T07:26:12.527Z] GET https://github.githubassets.com/assets/primer-react-3b91719938c41514.js → 200 (542ms, 130674B)
[2026-07-03T07:26:12.527Z] GET https://github.githubassets.com/assets/octicons-react-6d4b073f11eb4456.js → 200 (505ms, 106035B)
[2026-07-03T07:26:12.527Z] GET https://github.githubassets.com/assets/97458-4c244b6be0b3304c.js → 200 (414ms, 3081B)
[2026-07-03T07:26:12.527Z] GET https://github.githubassets.com/assets/68751-ed2de1f8d1b6cf6e.js → 200 (424ms, 7835B)
[2026-07-03T07:26:12.527Z] GET https://github.githubassets.com/assets/68033-6297462e005d658b.js → 200 (414ms, 1923B)
[2026-07-03T07:26:12.528Z] GET https://github.githubassets.com/assets/437-a847efc3619ac5cc.js → 200 (413ms, 7318B)
[2026-07-03T07:26:12.528Z] GET https://github.githubassets.com/assets/41328-eda62e0f5a40da8e.js → 200 (540ms, 6240B)
[2026-07-03T07:26:12.528Z] GET https://github.githubassets.com/assets/7463-01c37b66747b726b.js → 200 (540ms, 10132B)
[2026-07-03T07:26:12.528Z] GET https://github.githubassets.com/assets/27600-16d492cfe3f2daa8.js → 200 (541ms, 20912B)
[2026-07-03T07:26:12.528Z] GET https://github.githubassets.com/assets/40294-d69d54532a6a5942.js → 200 (543ms, 32724B)
[2026-07-03T07:26:12.528Z] GET https://github.githubassets.com/assets/55539-e21c0816973ee092.js → 200 (504ms, 2959B)
[2026-07-03T07:26:12.528Z] GET https://github.githubassets.com/assets/87822-2dce06c9ae423502.js → 200 (424ms, 4296B)
[2026-07-03T07:26:12.528Z] GET https://github.githubassets.com/assets/78610-4f4713a6f47cf271.js → 200 (424ms, 4250B)
[2026-07-03T07:26:12.528Z] GET https://github.githubassets.com/assets/68735-090bea2cedf32faa.js → 200 (424ms, 3102B)
[2026-07-03T07:26:12.528Z] GET https://github.githubassets.com/assets/83912-3a41dfbe485768d9.js → 200 (542ms, 5003B)
[2026-07-03T07:26:12.528Z] GET https://github.githubassets.com/assets/68469-f17edd3dd842cef2.js → 200 (542ms, 11434B)
[2026-07-03T07:26:12.528Z] GET https://github.githubassets.com/assets/32459-94e9fd388440d6fa.js → 200 (541ms, 3143B)
[2026-07-03T07:26:12.528Z] GET https://github.githubassets.com/assets/40828-506ed5d504a99bf1.js → 200 (541ms, 4929B)
[2026-07-03T07:26:12.528Z] GET https://github.githubassets.com/assets/63000-7c2f882ea39527c3.js → 200 (541ms, 5064B)
[2026-07-03T07:26:12.529Z] GET https://github.githubassets.com/assets/30914-1d568cff790dc98e.js → 200 (540ms, 12637B)
[2026-07-03T07:26:12.529Z] GET https://github.githubassets.com/assets/33684-b5fb50e53d222306.js → 200 (540ms, 3946B)
[2026-07-03T07:26:12.529Z] GET https://github.githubassets.com/assets/2204-7d7c8c4b2a0b14ff.js → 200 (539ms, 5916B)
[2026-07-03T07:26:12.529Z] GET https://github.githubassets.com/assets/18222-96d101a36355a138.js → 200 (542ms, 18174B)
[2026-07-03T07:26:12.529Z] GET https://github.githubassets.com/assets/66231-9edae82bedef9e8c.js → 200 (542ms, 4838B)
[2026-07-03T07:26:12.529Z] GET https://github.githubassets.com/assets/79407-bdbb17fc41721ff5.js → 200 (542ms, 4543B)
[2026-07-03T07:26:12.529Z] GET https://github.githubassets.com/assets/50288-1de65962d8b34196.js → 200 (541ms, 2344B)
[2026-07-03T07:26:12.529Z] GET https://github.githubassets.com/assets/88609-bed1b448065b4f9f.js → 200 (541ms, 4603B)
[2026-07-03T07:26:12.529Z] GET https://github.githubassets.com/assets/14872-4f37d2c6feb6e769.js → 200 (541ms, 10854B)
[2026-07-03T07:26:12.529Z] GET https://github.githubassets.com/assets/68212-4cb715f3f3f4df99.js → 200 (541ms, 5339B)
[2026-07-03T07:26:12.529Z] GET https://github.githubassets.com/assets/75577-c428e39702b1e7fb.js → 200 (541ms, 3515B)
[2026-07-03T07:26:12.529Z] GET https://github.githubassets.com/assets/76987-bb1ea54dc579a31d.js → 200 (544ms, 2220B)
[2026-07-03T07:26:12.529Z] GET https://github.githubassets.com/assets/53275-412266e34e6fc71e.js → 200 (544ms, 6912B)
[2026-07-03T07:26:12.529Z] GET https://github.githubassets.com/assets/7222-4cebb1b0cf335d67.js → 200 (543ms, 5159B)
[2026-07-03T07:26:12.529Z] GET https://github.githubassets.com/assets/28460-d42e83bdc6ad8437.js → 200 (542ms, 3936B)
[2026-07-03T07:26:12.529Z] GET https://github.githubassets.com/assets/9094-c0e0c624c31fe413.js → 200 (542ms, 3280B)
[2026-07-03T07:26:12.529Z] GET https://github.githubassets.com/assets/97637-2fa35c843594ae0a.js → 200 (544ms, 17695B)
[2026-07-03T07:26:12.529Z] GET https://github.githubassets.com/assets/27883-94e9469470092b2b.js → 200 (542ms, 6457B)
[2026-07-03T07:26:12.529Z] GET https://github.githubassets.com/assets/18582-769f1dbf8be0facb.js → 200 (542ms, 3874B)
[2026-07-03T07:26:12.530Z] GET https://github.githubassets.com/assets/50110-6738dab2949218b7.js → 200 (543ms, 4817B)
[2026-07-03T07:26:12.530Z] GET https://github.githubassets.com/assets/98451-f6090a80d7d6db5e.js → 200 (542ms, 4718B)
[2026-07-03T07:26:12.530Z] GET https://github.githubassets.com/assets/33897-ecde6aecc96209b6.js → 200 (543ms, 33298B)
[2026-07-03T07:26:12.530Z] GET https://github.githubassets.com/assets/81946-3fa5632bdec68fbc.js → 200 (542ms, 12763B)
[2026-07-03T07:26:12.530Z] GET https://github.githubassets.com/assets/59222-8ebfff860151b26a.js → 200 (543ms, 6231B)
[2026-07-03T07:26:12.530Z] GET https://github.githubassets.com/assets/32020-e95e72a71e25e9b9.js → 200 (542ms, 3508B)
[2026-07-03T07:26:12.530Z] GET https://github.githubassets.com/assets/code-view-1a4971d16cabaaa2.js → 200 (557ms, 159063B)
[2026-07-03T07:26:12.530Z] GET https://github.githubassets.com/assets/primer-react-css.0f1f30982ae65fea.module.css → 200 (198ms, 34508B)
[2026-07-03T07:26:12.530Z] GET https://github.githubassets.com/assets/14872.4574062267864263.module.css → 200 (195ms, 3006B)
[2026-07-03T07:26:12.530Z] GET https://github.githubassets.com/assets/27883.8f6fde8658eef922.module.css → 200 (196ms, 3156B)
[2026-07-03T07:26:12.530Z] GET https://github.githubassets.com/assets/code-view.5ee2afb9eab5d789.module.css → 200 (196ms, 18895B)
[2026-07-03T07:26:12.530Z] GET https://github.githubassets.com/assets/51977-684fad5f510f37e7.js → 200 (543ms, 5919B)
[2026-07-03T07:26:12.530Z] GET https://github.githubassets.com/assets/notifications-subscriptions-menu-9295f968f21d078e.js → 200 (542ms, 2723B)
[2026-07-03T07:26:12.530Z] GET https://github.githubassets.com/assets/notifications-subscriptions-menu.3fc043aae2cf0104.module.css → 200 (302ms, 1106B)
[2026-07-03T07:26:12.530Z] GET https://github.githubassets.com/assets/keyboard-shortcuts-dialog.fceceb899f3dc6af.module.css → 200 (302ms, 399B)
[2026-07-03T07:26:12.531Z] GET https://github.githubassets.com/assets/70666-d9f2187307ac669b.js → 200 (542ms, 26562B)
[2026-07-03T07:26:12.531Z] GET https://github.githubassets.com/assets/89564-f2b4b3a866e42fd2.js → 200 (543ms, 8601B)
[2026-07-03T07:26:12.531Z] GET https://github.githubassets.com/assets/sessions-aef37199526c3a66.js → 200 (542ms, 6343B)
[2026-07-03T07:26:12.531Z] GET https://github.githubassets.com/assets/marketing-navigation.73c75b5e8ccc10b3.module.css → 200 (161ms, 2308B)
[2026-07-03T07:26:12.713Z] GET https://github.com/moshiur/portfolio/raw/main/assets/shomoysuchi/home.png → pending (?ms, ?B)
[2026-07-03T07:26:13.031Z] GET https://github.githubassets.com/assets/chunk-51591-9cc4549d156c33ac.js → 200 (57ms, 5372B)
[2026-07-03T07:26:13.031Z] GET https://github.githubassets.com/assets/chunk-34877-5f5352cbe1a34c76.js → 200 (56ms, 819B)
[2026-07-03T07:26:13.031Z] GET https://github.githubassets.com/assets/chunk-36423-2b0fda879dc99638.js → 200 (58ms, 3651B)
[2026-07-03T07:26:13.031Z] GET https://github.githubassets.com/assets/44391-e6dbc84db1bf0374.js → 200 (58ms, 3774B)
[2026-07-03T07:26:13.031Z] GET https://github.githubassets.com/assets/2694-2204ab9c999d08d2.js → 200 (58ms, 7136B)
[2026-07-03T07:26:13.031Z] GET https://github.githubassets.com/assets/chunk-43205-f9514a6973b101c9.js → 200 (58ms, 3656B)
[2026-07-03T07:26:13.031Z] GET https://github.githubassets.com/assets/chunk-87260-4c05ba77c1fccc4d.js → 200 (58ms, 16860B)
[2026-07-03T07:26:13.031Z] GET https://github.githubassets.com/assets/17752-b7b54a0082b6bfa5.js → 200 (57ms, 9264B)
[2026-07-03T07:26:13.031Z] GET https://github.githubassets.com/assets/chunk-52728-54adcb094a6cb392.js → 200 (58ms, 447B)
[2026-07-03T07:26:13.031Z] GET https://github.githubassets.com/assets/chunk-73937-d2ba93eb3d6799ac.js → 200 (58ms, 806B)
[2026-07-03T07:26:13.031Z] GET https://github.githubassets.com/assets/chunk-66575-5a4911f6e93d6d4e.js → 200 (57ms, 568B)
[2026-07-03T07:26:13.031Z] GET https://github.githubassets.com/assets/chunk-76753-ce40b2a240bc9ecf.js → 200 (57ms, 5330B)
[2026-07-03T07:26:13.031Z] GET https://github.githubassets.com/assets/chunk-70776-ec739b2fcff4b72e.js → 200 (57ms, 516B)
[2026-07-03T07:26:13.031Z] GET https://github.githubassets.com/assets/32883-1f9c982feb53337c.js → 200 (57ms, 6949B)
[2026-07-03T07:26:13.032Z] GET https://github.githubassets.com/assets/38963.8add87f5d74d588c.module.css → 200 (32ms, 419B)
[2026-07-03T07:26:13.032Z] GET https://github.githubassets.com/assets/71236-1a242583000e86c3.js → 200 (57ms, 3637B)
[2026-07-03T07:26:13.032Z] GET https://github.githubassets.com/assets/30444-8595c776a2fc5ad4.js → 200 (58ms, 20699B)
[2026-07-03T07:26:13.032Z] GET https://github.githubassets.com/assets/57899-5dc730c5b129733c.js → 200 (57ms, 7630B)
[2026-07-03T07:26:13.032Z] GET https://github.githubassets.com/assets/70168.9c6a74456c984b05.module.css → 200 (33ms, 2282B)
[2026-07-03T07:26:13.032Z] GET https://github.githubassets.com/assets/chunk-lazy-react-partial-marketing-navigation-8dc38bf8bf2c4ae7.js → 200 (57ms, 398B)
[2026-07-03T07:26:13.033Z] GET https://github.com/moshiur/portfolio/hovercards/citation/sidebar_partial?tree_name=main → pending (?ms, ?B)
[2026-07-03T07:26:13.033Z] GET https://github.com/moshiur/portfolio/packages_list?current_repository=portfolio → pending (?ms, ?B)
[2026-07-03T07:26:13.033Z] GET https://github.com/moshiur/portfolio/contributors_list?current_repository=portfolio&deferred=true → pending (?ms, ?B)
[2026-07-03T07:26:13.064Z] GET https://github.githubassets.com/assets/chunk-63160-0e070544b8a7e599.js → 200 (93ms, 17380B)
[2026-07-03T07:26:13.087Z] GET https://github.githubassets.com/assets/chunk-46661-75eb5a67c9240584.js → 200 (70ms, 4007B)
[2026-07-03T07:26:13.152Z] GET https://github.com/moshiur/portfolio/latest-commit → pending (?ms, ?B)
[2026-07-03T07:26:13.152Z] GET https://github.com/moshiur/portfolio/recently-touched-branches → pending (?ms, ?B)
[2026-07-03T07:26:13.152Z] GET https://github.com/moshiur/portfolio/branch-and-tag-count → pending (?ms, ?B)
[2026-07-03T07:26:13.177Z] POST https://collector.github.com/github/collect → pending (?ms, ?B)
[2026-07-03T07:26:13.177Z] GET https://github.com/moshiur/portfolio/tree-commit-info → pending (?ms, ?B)
[2026-07-03T07:26:13.186Z] GET https://github.com/moshiur/portfolio/refs?type=branch → pending (?ms, ?B)
[2026-07-03T07:26:13.195Z] GET https://github.githubassets.com/assets/appearance-settings.f3b91559daeb1c9c.module.css → pending (?ms, ?B)
[2026-07-03T07:26:13.196Z] GET https://github.githubassets.com/assets/chunk-85825-311c11e4756fbf7d.js → pending (?ms, ?B)
[2026-07-03T07:26:13.212Z] GET https://github.githubassets.com/assets/27961-8bd8b946f21e1736.js → 200 (23ms, 4560B)
[2026-07-03T07:26:13.212Z] GET https://github.githubassets.com/assets/11668-d0eb3576a43d4496.js → 200 (34ms, 3790B)
[2026-07-03T07:26:13.213Z] GET https://github.githubassets.com/assets/71849.0c921c3e358473b2.module.css → 200 (33ms, 1759B)
[2026-07-03T07:26:13.213Z] GET https://github.githubassets.com/assets/chunk-lazy-react-partial-appearance-settings-b528a49fdeb6ac7f.js → 200 (33ms, 1744B)
[2026-07-03T07:26:13.221Z] POST https://collector.github.com/github/collect → pending (?ms, ?B)
[2026-07-03T07:26:13.221Z] POST https://collector.github.com/github/collect → pending (?ms, ?B)
[2026-07-03T07:26:13.222Z] GET https://github.githubassets.com/assets/96037.a2ab76706d203e10.module.css → 200 (35ms, 908B)
[2026-07-03T07:26:13.222Z] GET https://github.githubassets.com/assets/chunk-96037-6b0fe0e482135333.js → 200 (124ms, 1935B)
[2026-07-03T07:26:13.346Z] GET https://raw.githubusercontent.com/moshiur/portfolio/main/assets/shomoysuchi/home.png → 200 (526ms, 196127B)
[2026-07-03T07:26:13.429Z] GET https://avatars.githubusercontent.com/u/81847?s=64&v=4 → 200 (151ms, 3562B)
[2026-07-03T07:26:13.429Z] GET https://avatars.githubusercontent.com/u/289542?s=64&v=4 → 200 (254ms, 2456B)
[2026-07-03T07:26:13.693Z] POST https://collector.github.com/github/collect → pending (?ms, ?B)
[2026-07-03T07:26:13.695Z] POST https://collector.github.com/github/collect → pending (?ms, ?B)
[2026-07-03T07:26:13.704Z] POST https://collector.github.com/github/collect → 204 (258ms, 469B)
[2026-07-03T07:26:13.737Z] GET https://avatars.githubusercontent.com/u/289542?v=4&size=40 → 200 (326ms, 1900B)
[2026-07-03T07:26:13.737Z] GET https://avatars.githubusercontent.com/u/81847?v=4&size=40 → 200 (35ms, 2315B)
[2026-07-03T07:26:14.073Z] POST https://collector.github.com/github/collect → 204 (12ms, 468B)
[2026-07-03T07:26:14.086Z] POST https://api.github.com/_private/browser/stats → pending (?ms, ?B)
[2026-07-03T07:26:14.087Z] POST https://collector.github.com/github/collect → pending (?ms, ?B)
[2026-07-03T07:26:19.138Z] POST https://collector.github.com/github/collect → pending (?ms, ?B)
[2026-07-03T07:28:25.196Z] GET https://github.com/moshiur/portfolio/blob/main/AI-COLLABORATION.md → pending (?ms, ?B)
[2026-07-03T07:28:26.567Z] GET https://github.githubassets.com/assets/light-4fded0090af0ad58.css → 200 (?ms, -810B)
[2026-07-03T07:28:26.567Z] GET https://github.githubassets.com/assets/light_high_contrast-cf8e26bc17e62ebc.css → 200 (1ms, -811B)
[2026-07-03T07:28:26.568Z] GET https://github.githubassets.com/assets/dark-06381ff23d863842.css → 200 (?ms, -811B)
[2026-07-03T07:28:26.568Z] GET https://github.githubassets.com/assets/dark_high_contrast-9023e6605402defb.css → 200 (?ms, -812B)
[2026-07-03T07:28:26.568Z] GET https://github.githubassets.com/assets/primer-primitives-b39ad27f3538ace3.css → 200 (1ms, -811B)
[2026-07-03T07:28:26.569Z] GET https://github.githubassets.com/assets/primer-afede9cc1831f1df.css → 200 (?ms, -811B)
[2026-07-03T07:28:26.569Z] GET https://github.githubassets.com/assets/global-eff6b778655b1531.css → 200 (1ms, -812B)
[2026-07-03T07:28:26.570Z] GET https://github.githubassets.com/assets/github-eab9c5888b163e42.css → 200 (?ms, -812B)
[2026-07-03T07:28:26.570Z] GET https://github.githubassets.com/assets/repository-5c3491d57145b94f.css → 200 (?ms, -812B)
[2026-07-03T07:28:26.570Z] GET https://github.githubassets.com/assets/code-075555990693196f.css → 200 (?ms, -811B)
[2026-07-03T07:28:26.571Z] GET https://github.githubassets.com/assets/high-contrast-cookie-a5e0a53475dda603.js → 200 (?ms, -825B)
[2026-07-03T07:28:26.571Z] GET https://github.githubassets.com/assets/wp-runtime-a8120e7e1f924de8.js → 200 (?ms, -822B)
[2026-07-03T07:28:26.571Z] GET https://github.githubassets.com/assets/fetch-utilities-a37106741bcc477d.js → 200 (?ms, -825B)
[2026-07-03T07:28:26.571Z] GET https://github.githubassets.com/assets/78205-490cbc32cb03f2c4.js → 200 (?ms, -824B)
[2026-07-03T07:28:26.571Z] GET https://github.githubassets.com/assets/85924-fb319ed7734a3255.js → 200 (?ms, -824B)
[2026-07-03T07:28:26.572Z] GET https://github.githubassets.com/assets/34646-fd025d89aebf481f.js → 200 (?ms, -825B)
[2026-07-03T07:28:26.572Z] GET https://github.githubassets.com/assets/environment-206299963839690a.js → 200 (?ms, -824B)
[2026-07-03T07:28:26.572Z] GET https://github.githubassets.com/assets/runtime-helpers-1ab84bfcdfd252a7.js → 200 (?ms, -824B)
[2026-07-03T07:28:26.572Z] GET https://github.githubassets.com/assets/296-dd7acbc3c57bc2df.js → 200 (?ms, -824B)
[2026-07-03T07:28:26.573Z] GET https://github.githubassets.com/assets/57131-96925ee146d82566.js → 200 (?ms, -824B)
[2026-07-03T07:28:26.573Z] GET https://github.githubassets.com/assets/816-267fa8a626344744.js → 200 (?ms, -824B)
[2026-07-03T07:28:26.576Z] GET https://github.githubassets.com/assets/78121-700198d991c19201.js → 200 (?ms, -824B)
[2026-07-03T07:28:26.576Z] GET https://github.githubassets.com/assets/81683-3566d15213106a0d.js → 200 (?ms, -824B)
[2026-07-03T07:28:26.576Z] GET https://github.githubassets.com/assets/64458-988347c24883c3dc.js → 200 (?ms, -824B)
[2026-07-03T07:28:26.576Z] GET https://github.githubassets.com/assets/46740-245323eebf4a2bd5.js → 200 (1ms, -824B)
[2026-07-03T07:28:26.577Z] GET https://github.githubassets.com/assets/3650-2d2c2aa6afec76de.js → 200 (?ms, -825B)
[2026-07-03T07:28:26.577Z] GET https://github.githubassets.com/assets/17127-d486438dd582dbb8.js → 200 (?ms, -824B)
[2026-07-03T07:28:26.577Z] GET https://github.githubassets.com/assets/github-elements-908aaaa22fbfa2a1.js → 200 (?ms, -825B)
[2026-07-03T07:28:26.577Z] GET https://github.githubassets.com/assets/element-registry-78eeaa4db5bee520.js → 200 (1ms, -823B)
[2026-07-03T07:28:26.578Z] GET https://github.githubassets.com/assets/react-core-9bccf6fab86332ba.js → 200 (?ms, -826B)
[2026-07-03T07:28:26.578Z] GET https://github.githubassets.com/assets/react-lib-57bed375ade723a7.js → 200 (?ms, -825B)
[2026-07-03T07:28:26.578Z] GET https://github.githubassets.com/assets/63143-7622d55d24560a56.js → 200 (?ms, -824B)
[2026-07-03T07:28:26.578Z] GET https://github.githubassets.com/assets/79039-3efc4ce0c2830d00.js → 200 (?ms, -824B)
[2026-07-03T07:28:26.578Z] GET https://github.githubassets.com/assets/88475-734f67255a069671.js → 200 (?ms, -824B)
[2026-07-03T07:28:26.579Z] GET https://github.githubassets.com/assets/2887-6bb5fc2f7d7910bf.js → 200 (?ms, -824B)
[2026-07-03T07:28:26.579Z] GET https://github.githubassets.com/assets/62220-0c9944955b4e2cbb.js → 200 (?ms, -824B)
[2026-07-03T07:28:26.579Z] GET https://github.githubassets.com/assets/26533-c0816c13ac9e6327.js → 200 (?ms, -826B)
[2026-07-03T07:28:26.579Z] GET https://github.githubassets.com/assets/7088-4eaf1fbdb5e0697b.js → 200 (?ms, -824B)
[2026-07-03T07:28:26.579Z] GET https://github.githubassets.com/assets/9506-5679f156315d844a.js → 200 (1ms, -825B)
[2026-07-03T07:28:26.580Z] GET https://github.githubassets.com/assets/53320-0a81d3275826594e.js → 200 (?ms, -824B)
[2026-07-03T07:28:26.580Z] GET https://github.githubassets.com/assets/46287-3f3e28b04377fdb2.js → 200 (?ms, -824B)
[2026-07-03T07:28:26.580Z] GET https://github.githubassets.com/assets/23548-06460d6ad6134b8e.js → 200 (?ms, -825B)
[2026-07-03T07:28:26.580Z] GET https://github.githubassets.com/assets/89627-d6568840e3302a2b.js → 200 (?ms, -824B)
[2026-07-03T07:28:26.581Z] GET https://github.githubassets.com/assets/55682-4f9c532916993730.js → 200 (?ms, -824B)
[2026-07-03T07:28:26.581Z] GET https://github.githubassets.com/assets/49029-7ca2ead5f497f031.js → 200 (?ms, -824B)
[2026-07-03T07:28:26.581Z] GET https://github.githubassets.com/assets/99328-0f824473476788e3.js → 200 (?ms, -824B)
[2026-07-03T07:28:26.581Z] GET https://github.githubassets.com/assets/behaviors-5d83773da9c1079f.js → 200 (?ms, -826B)
[2026-07-03T07:28:26.581Z] GET https://github.githubassets.com/assets/react-core.0e2552c483430348.module.css → 200 (1ms, -809B)
[2026-07-03T07:28:26.582Z] GET https://github.githubassets.com/assets/61272-f2158b5d00e77e7b.js → 200 (?ms, -824B)
[2026-07-03T07:28:26.582Z] GET https://github.githubassets.com/assets/notifications-global-af6906205a03177b.js → 200 (?ms, -824B)
[2026-07-03T07:28:26.582Z] GET https://github.githubassets.com/assets/49810-e52c2ee97a6effdf.js → 200 (1ms, -825B)
[2026-07-03T07:28:26.583Z] GET https://github.githubassets.com/assets/code-menu-4f4e2278287583c6.js → 200 (?ms, -825B)
[2026-07-03T07:28:26.583Z] GET https://github.githubassets.com/assets/primer-react-3b91719938c41514.js → 200 (1ms, -828B)
[2026-07-03T07:28:26.584Z] GET https://github.githubassets.com/assets/octicons-react-6d4b073f11eb4456.js → 200 (?ms, -826B)
[2026-07-03T07:28:26.584Z] GET https://github.githubassets.com/assets/97458-4c244b6be0b3304c.js → 200 (?ms, -824B)
[2026-07-03T07:28:26.584Z] GET https://github.githubassets.com/assets/68751-ed2de1f8d1b6cf6e.js → 200 (?ms, -824B)
[2026-07-03T07:28:26.585Z] GET https://github.githubassets.com/assets/68033-6297462e005d658b.js → 200 (?ms, -824B)
[2026-07-03T07:28:26.585Z] GET https://github.githubassets.com/assets/437-a847efc3619ac5cc.js → 200 (?ms, -824B)
[2026-07-03T07:28:26.585Z] GET https://github.githubassets.com/assets/41328-eda62e0f5a40da8e.js → 200 (?ms, -824B)
[2026-07-03T07:28:26.585Z] GET https://github.githubassets.com/assets/7463-01c37b66747b726b.js → 200 (?ms, -824B)
[2026-07-03T07:28:26.585Z] GET https://github.githubassets.com/assets/27600-16d492cfe3f2daa8.js → 200 (?ms, -825B)
[2026-07-03T07:28:26.585Z] GET https://github.githubassets.com/assets/40294-d69d54532a6a5942.js → 200 (1ms, -824B)
[2026-07-03T07:28:26.586Z] GET https://github.githubassets.com/assets/55539-e21c0816973ee092.js → 200 (?ms, -825B)
[2026-07-03T07:28:26.586Z] GET https://github.githubassets.com/assets/87822-2dce06c9ae423502.js → 200 (?ms, -824B)
[2026-07-03T07:28:26.586Z] GET https://github.githubassets.com/assets/78610-4f4713a6f47cf271.js → 200 (?ms, -824B)
[2026-07-03T07:28:26.586Z] GET https://github.githubassets.com/assets/68735-090bea2cedf32faa.js → 200 (?ms, -824B)
[2026-07-03T07:28:26.586Z] GET https://github.githubassets.com/assets/83912-3a41dfbe485768d9.js → 200 (?ms, -825B)
[2026-07-03T07:28:26.587Z] GET https://github.githubassets.com/assets/68469-f17edd3dd842cef2.js → 200 (?ms, -826B)
[2026-07-03T07:28:26.587Z] GET https://github.githubassets.com/assets/32459-94e9fd388440d6fa.js → 200 (?ms, -825B)
[2026-07-03T07:28:26.587Z] GET https://github.githubassets.com/assets/40828-506ed5d504a99bf1.js → 200 (?ms, -824B)
[2026-07-03T07:28:26.587Z] GET https://github.githubassets.com/assets/63000-7c2f882ea39527c3.js → 200 (?ms, -824B)
[2026-07-03T07:28:26.587Z] GET https://github.githubassets.com/assets/30914-1d568cff790dc98e.js → 200 (?ms, -825B)
[2026-07-03T07:28:26.587Z] GET https://github.githubassets.com/assets/33684-b5fb50e53d222306.js → 200 (1ms, -824B)
[2026-07-03T07:28:26.588Z] GET https://github.githubassets.com/assets/2204-7d7c8c4b2a0b14ff.js → 200 (?ms, -825B)
[2026-07-03T07:28:26.588Z] GET https://github.githubassets.com/assets/18222-96d101a36355a138.js → 200 (?ms, -826B)
[2026-07-03T07:28:26.588Z] GET https://github.githubassets.com/assets/66231-9edae82bedef9e8c.js → 200 (?ms, -825B)
[2026-07-03T07:28:26.588Z] GET https://github.githubassets.com/assets/79407-bdbb17fc41721ff5.js → 200 (?ms, -825B)
[2026-07-03T07:28:26.588Z] GET https://github.githubassets.com/assets/50288-1de65962d8b34196.js → 200 (?ms, -824B)
[2026-07-03T07:28:26.589Z] GET https://github.githubassets.com/assets/88609-bed1b448065b4f9f.js → 200 (?ms, -824B)
[2026-07-03T07:28:26.589Z] GET https://github.githubassets.com/assets/14872-4f37d2c6feb6e769.js → 200 (?ms, -826B)
[2026-07-03T07:28:26.589Z] GET https://github.githubassets.com/assets/68212-4cb715f3f3f4df99.js → 200 (?ms, -824B)
[2026-07-03T07:28:26.589Z] GET https://github.githubassets.com/assets/75577-c428e39702b1e7fb.js → 200 (?ms, -824B)
[2026-07-03T07:28:26.589Z] GET https://github.githubassets.com/assets/76987-bb1ea54dc579a31d.js → 200 (?ms, -824B)
[2026-07-03T07:28:26.589Z] GET https://github.githubassets.com/assets/53275-412266e34e6fc71e.js → 200 (1ms, -821B)
[2026-07-03T07:28:26.590Z] GET https://github.githubassets.com/assets/7222-4cebb1b0cf335d67.js → 200 (?ms, -824B)
[2026-07-03T07:28:26.590Z] GET https://github.githubassets.com/assets/28460-d42e83bdc6ad8437.js → 200 (?ms, -823B)
[2026-07-03T07:28:26.590Z] GET https://github.githubassets.com/assets/9094-c0e0c624c31fe413.js → 200 (?ms, -824B)
[2026-07-03T07:28:26.590Z] GET https://github.githubassets.com/assets/97637-2fa35c843594ae0a.js → 200 (?ms, -824B)
[2026-07-03T07:28:26.591Z] GET https://github.githubassets.com/assets/27883-94e9469470092b2b.js → 200 (?ms, -824B)
[2026-07-03T07:28:26.591Z] GET https://github.githubassets.com/assets/18582-769f1dbf8be0facb.js → 200 (?ms, -825B)
[2026-07-03T07:28:26.591Z] GET https://github.githubassets.com/assets/50110-6738dab2949218b7.js → 200 (?ms, -824B)
[2026-07-03T07:28:26.591Z] GET https://github.githubassets.com/assets/98451-f6090a80d7d6db5e.js → 200 (?ms, -825B)
[2026-07-03T07:28:26.591Z] GET https://github.githubassets.com/assets/33897-ecde6aecc96209b6.js → 200 (?ms, -825B)
[2026-07-03T07:28:26.592Z] GET https://github.githubassets.com/assets/81946-3fa5632bdec68fbc.js → 200 (?ms, -823B)
[2026-07-03T07:28:26.592Z] GET https://github.githubassets.com/assets/59222-8ebfff860151b26a.js → 200 (1ms, -825B)
[2026-07-03T07:28:26.593Z] GET https://github.githubassets.com/assets/32020-e95e72a71e25e9b9.js → 200 (?ms, -825B)
[2026-07-03T07:28:26.596Z] GET https://github.githubassets.com/assets/code-view-1a4971d16cabaaa2.js → 200 (1ms, -826B)
[2026-07-03T07:28:26.597Z] GET https://github.githubassets.com/assets/primer-react-css.0f1f30982ae65fea.module.css → 200 (?ms, -812B)
[2026-07-03T07:28:26.597Z] GET https://github.githubassets.com/assets/14872.4574062267864263.module.css → 200 (1ms, -811B)
[2026-07-03T07:28:26.598Z] GET https://github.githubassets.com/assets/27883.8f6fde8658eef922.module.css → 200 (?ms, -809B)
[2026-07-03T07:28:26.598Z] GET https://github.githubassets.com/assets/code-view.5ee2afb9eab5d789.module.css → 200 (?ms, -811B)
[2026-07-03T07:28:26.598Z] GET https://github.githubassets.com/assets/51977-684fad5f510f37e7.js → 200 (?ms, -824B)
[2026-07-03T07:28:26.599Z] GET https://github.githubassets.com/assets/notifications-subscriptions-menu-9295f968f21d078e.js → 200 (?ms, -822B)
[2026-07-03T07:28:26.599Z] GET https://github.githubassets.com/assets/notifications-subscriptions-menu.3fc043aae2cf0104.module.css → 200 (?ms, -809B)
[2026-07-03T07:28:26.599Z] GET https://github.githubassets.com/assets/keyboard-shortcuts-dialog.fceceb899f3dc6af.module.css → 200 (?ms, -810B)
[2026-07-03T07:28:26.599Z] GET https://github.githubassets.com/assets/70666-d9f2187307ac669b.js → 200 (1ms, -826B)
[2026-07-03T07:28:26.600Z] GET https://github.githubassets.com/assets/89564-f2b4b3a866e42fd2.js → 200 (?ms, -825B)
[2026-07-03T07:28:26.600Z] GET https://github.githubassets.com/assets/sessions-aef37199526c3a66.js → 200 (?ms, -825B)
[2026-07-03T07:28:26.601Z] GET https://github.githubassets.com/assets/marketing-navigation.73c75b5e8ccc10b3.module.css → 200 (?ms, -810B)
[2026-07-03T07:28:26.959Z] GET https://github.githubassets.com/assets/chunk-63160-0e070544b8a7e599.js → 200 (?ms, -825B)
[2026-07-03T07:28:26.961Z] GET https://viewscreen.githubusercontent.com/markdown/mermaid?docs_host=https%3A%2F%2Fdocs.github.com&color_mode=light → pending (?ms, ?B)
[2026-07-03T07:28:26.981Z] GET https://github.com/moshiur/portfolio/deferred-metadata/main/AI-COLLABORATION.md → pending (?ms, ?B)
[2026-07-03T07:28:26.981Z] GET https://github.com/moshiur/portfolio/latest-commit/main/AI-COLLABORATION.md → 200 (298ms, 4827B)
[2026-07-03T07:28:27.014Z] GET https://github.githubassets.com/assets/chunk-51591-9cc4549d156c33ac.js → 200 (1ms, -824B)
[2026-07-03T07:28:27.015Z] GET https://github.githubassets.com/assets/chunk-34877-5f5352cbe1a34c76.js → 200 (?ms, -823B)
[2026-07-03T07:28:27.015Z] GET https://github.githubassets.com/assets/chunk-36423-2b0fda879dc99638.js → 200 (?ms, -824B)
[2026-07-03T07:28:27.015Z] GET https://github.githubassets.com/assets/44391-e6dbc84db1bf0374.js → 200 (1ms, -824B)
[2026-07-03T07:28:27.016Z] GET https://github.githubassets.com/assets/2694-2204ab9c999d08d2.js → 200 (?ms, -824B)
[2026-07-03T07:28:27.016Z] GET https://github.githubassets.com/assets/chunk-43205-f9514a6973b101c9.js → 200 (?ms, -824B)
[2026-07-03T07:28:27.016Z] GET https://github.githubassets.com/assets/chunk-87260-4c05ba77c1fccc4d.js → 200 (1ms, -826B)
[2026-07-03T07:28:27.017Z] GET https://github.githubassets.com/assets/17752-b7b54a0082b6bfa5.js → 200 (?ms, -824B)
[2026-07-03T07:28:27.017Z] GET https://github.githubassets.com/assets/chunk-52728-54adcb094a6cb392.js → 200 (?ms, -824B)
[2026-07-03T07:28:27.017Z] GET https://github.githubassets.com/assets/chunk-73937-d2ba93eb3d6799ac.js → 200 (?ms, -823B)
[2026-07-03T07:28:27.017Z] GET https://github.githubassets.com/assets/chunk-66575-5a4911f6e93d6d4e.js → 200 (?ms, -824B)
[2026-07-03T07:28:27.018Z] GET https://github.githubassets.com/assets/chunk-76753-ce40b2a240bc9ecf.js → 200 (?ms, -824B)
[2026-07-03T07:28:27.018Z] GET https://github.githubassets.com/assets/chunk-70776-ec739b2fcff4b72e.js → 200 (?ms, -823B)
[2026-07-03T07:28:27.018Z] GET https://github.githubassets.com/assets/chunk-46661-75eb5a67c9240584.js → 200 (?ms, -825B)
[2026-07-03T07:28:27.018Z] GET https://github.githubassets.com/assets/32883-1f9c982feb53337c.js → 200 (?ms, -825B)
[2026-07-03T07:28:27.018Z] GET https://github.githubassets.com/assets/38963.8add87f5d74d588c.module.css → 200 (?ms, -811B)
[2026-07-03T07:28:27.018Z] GET https://github.githubassets.com/assets/71236-1a242583000e86c3.js → 200 (?ms, -824B)
[2026-07-03T07:28:27.018Z] GET https://github.githubassets.com/assets/30444-8595c776a2fc5ad4.js → 200 (?ms, -825B)
[2026-07-03T07:28:27.018Z] GET https://github.githubassets.com/assets/57899-5dc730c5b129733c.js → 200 (1ms, -825B)
[2026-07-03T07:28:27.019Z] GET https://github.githubassets.com/assets/70168.9c6a74456c984b05.module.css → 200 (?ms, -810B)
[2026-07-03T07:28:27.019Z] GET https://github.githubassets.com/assets/chunk-lazy-react-partial-marketing-navigation-8dc38bf8bf2c4ae7.js → 200 (?ms, -823B)
[2026-07-03T07:28:27.071Z] POST https://collector.github.com/github/collect → pending (?ms, ?B)
[2026-07-03T07:28:27.088Z] GET https://github.githubassets.com/assets/chunk-85825-311c11e4756fbf7d.js → 200 (1ms, -825B)
[2026-07-03T07:28:27.089Z] GET https://github.githubassets.com/assets/appearance-settings.f3b91559daeb1c9c.module.css → 200 (?ms, -810B)
[2026-07-03T07:28:27.121Z] GET https://github.githubassets.com/assets/27961-8bd8b946f21e1736.js → 200 (?ms, -825B)
[2026-07-03T07:28:27.121Z] GET https://github.githubassets.com/assets/11668-d0eb3576a43d4496.js → 200 (?ms, -825B)
[2026-07-03T07:28:27.122Z] GET https://github.githubassets.com/assets/71849.0c921c3e358473b2.module.css → 200 (?ms, -810B)
[2026-07-03T07:28:27.122Z] GET https://github.githubassets.com/assets/chunk-lazy-react-partial-appearance-settings-b528a49fdeb6ac7f.js → 200 (?ms, -824B)
[2026-07-03T07:28:27.144Z] POST https://collector.github.com/github/collect → pending (?ms, ?B)
[2026-07-03T07:28:27.145Z] GET https://github.githubassets.com/assets/96037.a2ab76706d203e10.module.css → 200 (?ms, -809B)
[2026-07-03T07:28:27.145Z] GET https://github.githubassets.com/assets/chunk-96037-6b0fe0e482135333.js → 200 (?ms, -824B)
[2026-07-03T07:28:27.146Z] POST https://collector.github.com/github/collect → pending (?ms, ?B)
[2026-07-03T07:28:27.285Z] GET https://avatars.githubusercontent.com/u/289542?v=4&size=40 → 200 (?ms, -846B)
[2026-07-03T07:28:27.285Z] GET https://avatars.githubusercontent.com/u/81847?v=4&size=40 → 200 (?ms, -923B)
[2026-07-03T07:28:27.559Z] GET https://viewscreen.githubusercontent.com/static/assets/mermaid-e0bd4023caf06a4eaeed.css → 200 (182ms, 39638B)
[2026-07-03T07:28:27.559Z] GET https://viewscreen.githubusercontent.com/static/assets/mermaidMarkdown-e0bd4023caf06a4eaeed.js → pending (?ms, ?B)
[2026-07-03T07:28:28.483Z] POST https://collector.github.com/github/collect → 204 (638ms, 470B)
[2026-07-03T07:28:28.489Z] GET https://viewscreen.githubusercontent.com/static/assets/9499-e0bd4023caf06a4eaeed.js → 200 (162ms, 13836B)
[2026-07-03T07:28:28.490Z] POST https://api.github.com/_private/browser/stats → 200 (402ms, -17B)
[2026-07-03T07:28:28.490Z] POST https://collector.github.com/github/collect → 204 (532ms, 470B)
[2026-07-03T07:28:28.697Z] POST https://viewscreen.githubusercontent.com/stats/timing/local/mermaid/ → 200 (141ms, 1048B)
[2026-07-03T07:28:31.749Z] GET https://github.com/moshiur/portfolio/blob/main/projects/careops.md → 200 (564ms, ?B)
[2026-07-03T07:28:32.333Z] POST https://collector.github.com/github/collect → pending (?ms, ?B)
[2026-07-03T07:28:32.337Z] GET https://github.githubassets.com/assets/light-4fded0090af0ad58.css → 200 (?ms, -810B)
[2026-07-03T07:28:32.337Z] GET https://github.githubassets.com/assets/light_high_contrast-cf8e26bc17e62ebc.css → 200 (?ms, -811B)
[2026-07-03T07:28:32.338Z] GET https://github.githubassets.com/assets/dark-06381ff23d863842.css → 200 (?ms, -811B)
[2026-07-03T07:28:32.338Z] GET https://github.githubassets.com/assets/dark_high_contrast-9023e6605402defb.css → 200 (?ms, -812B)
[2026-07-03T07:28:32.338Z] GET https://github.githubassets.com/assets/primer-primitives-b39ad27f3538ace3.css → 200 (?ms, -811B)
[2026-07-03T07:28:32.338Z] GET https://github.githubassets.com/assets/primer-afede9cc1831f1df.css → 200 (1ms, -811B)
[2026-07-03T07:28:32.339Z] GET https://github.githubassets.com/assets/global-eff6b778655b1531.css → 200 (?ms, -812B)
[2026-07-03T07:28:32.339Z] GET https://github.githubassets.com/assets/github-eab9c5888b163e42.css → 200 (?ms, -812B)
[2026-07-03T07:28:32.339Z] GET https://github.githubassets.com/assets/repository-5c3491d57145b94f.css → 200 (?ms, -812B)
[2026-07-03T07:28:32.340Z] GET https://github.githubassets.com/assets/code-075555990693196f.css → 200 (?ms, -811B)
[2026-07-03T07:28:32.361Z] GET https://github.githubassets.com/assets/high-contrast-cookie-a5e0a53475dda603.js → 200 (21ms, -780B)
[2026-07-03T07:28:32.361Z] GET https://github.githubassets.com/assets/wp-runtime-a8120e7e1f924de8.js → 200 (22ms, -777B)
[2026-07-03T07:28:32.361Z] GET https://github.githubassets.com/assets/fetch-utilities-a37106741bcc477d.js → 200 (22ms, -780B)
[2026-07-03T07:28:32.361Z] GET https://github.githubassets.com/assets/78205-490cbc32cb03f2c4.js → 200 (22ms, -779B)
[2026-07-03T07:28:32.362Z] GET https://github.githubassets.com/assets/85924-fb319ed7734a3255.js → 200 (21ms, -779B)
[2026-07-03T07:28:32.362Z] GET https://github.githubassets.com/assets/34646-fd025d89aebf481f.js → 200 (22ms, -780B)
[2026-07-03T07:28:32.362Z] GET https://github.githubassets.com/assets/environment-206299963839690a.js → 200 (22ms, -779B)
[2026-07-03T07:28:32.362Z] GET https://github.githubassets.com/assets/runtime-helpers-1ab84bfcdfd252a7.js → 200 (22ms, -779B)
[2026-07-03T07:28:32.362Z] GET https://github.githubassets.com/assets/296-dd7acbc3c57bc2df.js → 200 (22ms, -779B)
[2026-07-03T07:28:32.362Z] GET https://github.githubassets.com/assets/57131-96925ee146d82566.js → 200 (22ms, -779B)
[2026-07-03T07:28:32.362Z] GET https://github.githubassets.com/assets/816-267fa8a626344744.js → 200 (22ms, -779B)
[2026-07-03T07:28:32.364Z] GET https://github.githubassets.com/assets/78121-700198d991c19201.js → 200 (21ms, -779B)
[2026-07-03T07:28:32.364Z] GET https://github.githubassets.com/assets/81683-3566d15213106a0d.js → 200 (21ms, -779B)
[2026-07-03T07:28:32.364Z] GET https://github.githubassets.com/assets/64458-988347c24883c3dc.js → 200 (21ms, -779B)
[2026-07-03T07:28:32.364Z] GET https://github.githubassets.com/assets/46740-245323eebf4a2bd5.js → 200 (21ms, -779B)
[2026-07-03T07:28:32.364Z] GET https://github.githubassets.com/assets/3650-2d2c2aa6afec76de.js → 200 (21ms, -780B)
[2026-07-03T07:28:32.365Z] GET https://github.githubassets.com/assets/17127-d486438dd582dbb8.js → 200 (20ms, -779B)
[2026-07-03T07:28:32.365Z] GET https://github.githubassets.com/assets/github-elements-908aaaa22fbfa2a1.js → 200 (20ms, -780B)
[2026-07-03T07:28:32.365Z] GET https://github.githubassets.com/assets/element-registry-78eeaa4db5bee520.js → 200 (20ms, -778B)
[2026-07-03T07:28:32.365Z] GET https://github.githubassets.com/assets/react-core-9bccf6fab86332ba.js → 200 (21ms, -781B)
[2026-07-03T07:28:32.365Z] GET https://github.githubassets.com/assets/react-lib-57bed375ade723a7.js → 200 (21ms, -780B)
[2026-07-03T07:28:32.365Z] GET https://github.githubassets.com/assets/63143-7622d55d24560a56.js → 200 (1ms, -824B)
[2026-07-03T07:28:32.366Z] GET https://github.githubassets.com/assets/79039-3efc4ce0c2830d00.js → 200 (?ms, -824B)
[2026-07-03T07:28:32.367Z] GET https://github.githubassets.com/assets/88475-734f67255a069671.js → 200 (?ms, -824B)
[2026-07-03T07:28:32.367Z] GET https://github.githubassets.com/assets/2887-6bb5fc2f7d7910bf.js → 200 (?ms, -824B)
[2026-07-03T07:28:32.367Z] GET https://github.githubassets.com/assets/62220-0c9944955b4e2cbb.js → 200 (?ms, -824B)
[2026-07-03T07:28:32.367Z] GET https://github.githubassets.com/assets/26533-c0816c13ac9e6327.js → 200 (?ms, -826B)
[2026-07-03T07:28:32.367Z] GET https://github.githubassets.com/assets/7088-4eaf1fbdb5e0697b.js → 200 (?ms, -824B)
[2026-07-03T07:28:32.367Z] GET https://github.githubassets.com/assets/9506-5679f156315d844a.js → 200 (1ms, -825B)
[2026-07-03T07:28:32.368Z] GET https://github.githubassets.com/assets/53320-0a81d3275826594e.js → 200 (?ms, -824B)
[2026-07-03T07:28:32.368Z] GET https://github.githubassets.com/assets/46287-3f3e28b04377fdb2.js → 200 (1ms, -824B)
[2026-07-03T07:28:32.369Z] GET https://github.githubassets.com/assets/23548-06460d6ad6134b8e.js → 200 (?ms, -825B)
[2026-07-03T07:28:32.370Z] GET https://github.githubassets.com/assets/89627-d6568840e3302a2b.js → 200 (?ms, -824B)
[2026-07-03T07:28:32.370Z] GET https://github.githubassets.com/assets/55682-4f9c532916993730.js → 200 (?ms, -824B)
[2026-07-03T07:28:32.370Z] GET https://github.githubassets.com/assets/49029-7ca2ead5f497f031.js → 200 (?ms, -824B)
[2026-07-03T07:28:32.370Z] GET https://github.githubassets.com/assets/99328-0f824473476788e3.js → 200 (?ms, -824B)
[2026-07-03T07:28:32.371Z] GET https://github.githubassets.com/assets/behaviors-5d83773da9c1079f.js → 200 (?ms, -826B)
[2026-07-03T07:28:32.371Z] GET https://github.githubassets.com/assets/react-core.0e2552c483430348.module.css → 200 (?ms, -809B)
[2026-07-03T07:28:32.371Z] GET https://github.githubassets.com/assets/61272-f2158b5d00e77e7b.js → 200 (?ms, -824B)
[2026-07-03T07:28:32.371Z] GET https://github.githubassets.com/assets/notifications-global-af6906205a03177b.js → 200 (?ms, -824B)
[2026-07-03T07:28:32.371Z] GET https://github.githubassets.com/assets/49810-e52c2ee97a6effdf.js → 200 (?ms, -825B)
[2026-07-03T07:28:32.371Z] GET https://github.githubassets.com/assets/code-menu-4f4e2278287583c6.js → 200 (1ms, -825B)
[2026-07-03T07:28:32.372Z] GET https://github.githubassets.com/assets/primer-react-3b91719938c41514.js → 200 (?ms, -828B)
[2026-07-03T07:28:32.372Z] GET https://github.githubassets.com/assets/octicons-react-6d4b073f11eb4456.js → 200 (?ms, -826B)
[2026-07-03T07:28:32.372Z] GET https://github.githubassets.com/assets/97458-4c244b6be0b3304c.js → 200 (?ms, -824B)
[2026-07-03T07:28:32.372Z] GET https://github.githubassets.com/assets/68751-ed2de1f8d1b6cf6e.js → 200 (?ms, -824B)
[2026-07-03T07:28:32.372Z] GET https://github.githubassets.com/assets/68033-6297462e005d658b.js → 200 (?ms, -824B)
[2026-07-03T07:28:32.373Z] GET https://github.githubassets.com/assets/437-a847efc3619ac5cc.js → 200 (?ms, -824B)
[2026-07-03T07:28:32.373Z] GET https://github.githubassets.com/assets/41328-eda62e0f5a40da8e.js → 200 (?ms, -824B)
[2026-07-03T07:28:32.373Z] GET https://github.githubassets.com/assets/7463-01c37b66747b726b.js → 200 (?ms, -824B)
[2026-07-03T07:28:32.373Z] GET https://github.githubassets.com/assets/27600-16d492cfe3f2daa8.js → 200 (?ms, -825B)
[2026-07-03T07:28:32.373Z] GET https://github.githubassets.com/assets/40294-d69d54532a6a5942.js → 200 (?ms, -824B)
[2026-07-03T07:28:32.373Z] GET https://github.githubassets.com/assets/55539-e21c0816973ee092.js → 200 (?ms, -825B)
[2026-07-03T07:28:32.373Z] GET https://github.githubassets.com/assets/87822-2dce06c9ae423502.js → 200 (?ms, -824B)
[2026-07-03T07:28:32.374Z] GET https://github.githubassets.com/assets/78610-4f4713a6f47cf271.js → 200 (?ms, -824B)
[2026-07-03T07:28:32.374Z] GET https://github.githubassets.com/assets/68735-090bea2cedf32faa.js → 200 (?ms, -824B)
[2026-07-03T07:28:32.374Z] GET https://github.githubassets.com/assets/83912-3a41dfbe485768d9.js → 200 (?ms, -825B)
[2026-07-03T07:28:32.374Z] GET https://github.githubassets.com/assets/68469-f17edd3dd842cef2.js → 200 (?ms, -826B)
[2026-07-03T07:28:32.374Z] GET https://github.githubassets.com/assets/32459-94e9fd388440d6fa.js → 200 (?ms, -825B)
[2026-07-03T07:28:32.374Z] GET https://github.githubassets.com/assets/40828-506ed5d504a99bf1.js → 200 (?ms, -824B)
[2026-07-03T07:28:32.375Z] GET https://github.githubassets.com/assets/63000-7c2f882ea39527c3.js → 200 (?ms, -824B)
[2026-07-03T07:28:32.375Z] GET https://github.githubassets.com/assets/30914-1d568cff790dc98e.js → 200 (?ms, -825B)
[2026-07-03T07:28:32.375Z] GET https://github.githubassets.com/assets/33684-b5fb50e53d222306.js → 200 (?ms, -824B)
[2026-07-03T07:28:32.375Z] GET https://github.githubassets.com/assets/2204-7d7c8c4b2a0b14ff.js → 200 (?ms, -825B)
[2026-07-03T07:28:32.375Z] GET https://github.githubassets.com/assets/18222-96d101a36355a138.js → 200 (?ms, -826B)
[2026-07-03T07:28:32.375Z] GET https://github.githubassets.com/assets/66231-9edae82bedef9e8c.js → 200 (1ms, -825B)
[2026-07-03T07:28:32.376Z] GET https://github.githubassets.com/assets/79407-bdbb17fc41721ff5.js → 200 (?ms, -825B)
[2026-07-03T07:28:32.376Z] GET https://github.githubassets.com/assets/50288-1de65962d8b34196.js → 200 (?ms, -824B)
[2026-07-03T07:28:32.376Z] GET https://github.githubassets.com/assets/88609-bed1b448065b4f9f.js → 200 (?ms, -824B)
[2026-07-03T07:28:32.376Z] GET https://github.githubassets.com/assets/14872-4f37d2c6feb6e769.js → 200 (?ms, -826B)
[2026-07-03T07:28:32.376Z] GET https://github.githubassets.com/assets/68212-4cb715f3f3f4df99.js → 200 (?ms, -824B)
[2026-07-03T07:28:32.376Z] GET https://github.githubassets.com/assets/75577-c428e39702b1e7fb.js → 200 (1ms, -824B)
[2026-07-03T07:28:32.377Z] GET https://github.githubassets.com/assets/76987-bb1ea54dc579a31d.js → 200 (?ms, -824B)
[2026-07-03T07:28:32.377Z] GET https://github.githubassets.com/assets/53275-412266e34e6fc71e.js → 200 (?ms, -821B)
[2026-07-03T07:28:32.377Z] GET https://github.githubassets.com/assets/7222-4cebb1b0cf335d67.js → 200 (?ms, -824B)
[2026-07-03T07:28:32.377Z] GET https://github.githubassets.com/assets/28460-d42e83bdc6ad8437.js → 200 (?ms, -823B)
[2026-07-03T07:28:32.377Z] GET https://github.githubassets.com/assets/9094-c0e0c624c31fe413.js → 200 (?ms, -824B)
[2026-07-03T07:28:32.377Z] GET https://github.githubassets.com/assets/97637-2fa35c843594ae0a.js → 200 (?ms, -824B)
[2026-07-03T07:28:32.377Z] GET https://github.githubassets.com/assets/27883-94e9469470092b2b.js → 200 (1ms, -824B)
[2026-07-03T07:28:32.378Z] GET https://github.githubassets.com/assets/18582-769f1dbf8be0facb.js → 200 (?ms, -825B)
[2026-07-03T07:28:32.378Z] GET https://github.githubassets.com/assets/50110-6738dab2949218b7.js → 200 (?ms, -824B)
[2026-07-03T07:28:32.378Z] GET https://github.githubassets.com/assets/98451-f6090a80d7d6db5e.js → 200 (?ms, -825B)
[2026-07-03T07:28:32.378Z] GET https://github.githubassets.com/assets/33897-ecde6aecc96209b6.js → 200 (?ms, -825B)
[2026-07-03T07:28:32.378Z] GET https://github.githubassets.com/assets/81946-3fa5632bdec68fbc.js → 200 (?ms, -823B)
[2026-07-03T07:28:32.381Z] GET https://github.githubassets.com/assets/59222-8ebfff860151b26a.js → 200 (?ms, -825B)
[2026-07-03T07:28:32.381Z] GET https://github.githubassets.com/assets/32020-e95e72a71e25e9b9.js → 200 (?ms, -825B)
[2026-07-03T07:28:32.381Z] GET https://github.githubassets.com/assets/code-view-1a4971d16cabaaa2.js → 200 (?ms, -826B)
[2026-07-03T07:28:32.381Z] GET https://github.githubassets.com/assets/primer-react-css.0f1f30982ae65fea.module.css → 200 (?ms, -812B)
[2026-07-03T07:28:32.381Z] GET https://github.githubassets.com/assets/14872.4574062267864263.module.css → 200 (?ms, -811B)
[2026-07-03T07:28:32.382Z] GET https://github.githubassets.com/assets/27883.8f6fde8658eef922.module.css → 200 (?ms, -809B)
[2026-07-03T07:28:32.382Z] GET https://github.githubassets.com/assets/code-view.5ee2afb9eab5d789.module.css → 200 (?ms, -811B)
[2026-07-03T07:28:32.382Z] GET https://github.githubassets.com/assets/51977-684fad5f510f37e7.js → 200 (?ms, -824B)
[2026-07-03T07:28:32.382Z] GET https://github.githubassets.com/assets/notifications-subscriptions-menu-9295f968f21d078e.js → 200 (?ms, -822B)
[2026-07-03T07:28:32.382Z] GET https://github.githubassets.com/assets/notifications-subscriptions-menu.3fc043aae2cf0104.module.css → 200 (?ms, -809B)
[2026-07-03T07:28:32.383Z] GET https://github.githubassets.com/assets/keyboard-shortcuts-dialog.fceceb899f3dc6af.module.css → 200 (?ms, -810B)
[2026-07-03T07:28:32.383Z] GET https://github.githubassets.com/assets/70666-d9f2187307ac669b.js → 200 (?ms, -826B)
[2026-07-03T07:28:32.383Z] GET https://github.githubassets.com/assets/89564-f2b4b3a866e42fd2.js → 200 (?ms, -825B)
[2026-07-03T07:28:32.384Z] GET https://github.githubassets.com/assets/sessions-aef37199526c3a66.js → 200 (?ms, -825B)
[2026-07-03T07:28:32.392Z] GET https://github.githubassets.com/assets/marketing-navigation.73c75b5e8ccc10b3.module.css → 200 (?ms, -810B)
[2026-07-03T07:28:32.798Z] GET https://github.com/moshiur/portfolio/raw/main/assets/careops/admin-dashboard.png → 302 (278ms, ?B)
[2026-07-03T07:28:32.798Z] GET https://github.com/moshiur/portfolio/raw/main/assets/careops/roster-dragdrop.png → 302 (327ms, ?B)
[2026-07-03T07:28:32.798Z] GET https://github.com/moshiur/portfolio/raw/main/assets/careops/mobile-clock-in.png → 302 (394ms, ?B)
[2026-07-03T07:28:32.840Z] GET https://github.githubassets.com/assets/chunk-63160-0e070544b8a7e599.js → 200 (?ms, -825B)
[2026-07-03T07:28:32.858Z] GET https://github.com/moshiur/portfolio/deferred-metadata/main/projects/careops.md → 200 (300ms, 4296B)
[2026-07-03T07:28:32.858Z] GET https://github.com/moshiur/portfolio/latest-commit/main/projects/careops.md → 200 (460ms, 4828B)
[2026-07-03T07:28:32.879Z] GET https://github.githubassets.com/assets/chunk-51591-9cc4549d156c33ac.js → 200 (?ms, -824B)
[2026-07-03T07:28:32.880Z] GET https://github.githubassets.com/assets/chunk-34877-5f5352cbe1a34c76.js → 200 (?ms, -823B)
[2026-07-03T07:28:32.880Z] GET https://github.githubassets.com/assets/chunk-36423-2b0fda879dc99638.js → 200 (?ms, -824B)
[2026-07-03T07:28:32.880Z] GET https://github.githubassets.com/assets/44391-e6dbc84db1bf0374.js → 200 (?ms, -824B)
[2026-07-03T07:28:32.880Z] GET https://github.githubassets.com/assets/2694-2204ab9c999d08d2.js → 200 (?ms, -824B)
[2026-07-03T07:28:32.880Z] GET https://github.githubassets.com/assets/chunk-43205-f9514a6973b101c9.js → 200 (1ms, -824B)
[2026-07-03T07:28:32.881Z] GET https://github.githubassets.com/assets/chunk-87260-4c05ba77c1fccc4d.js → 200 (?ms, -826B)
[2026-07-03T07:28:32.881Z] GET https://github.githubassets.com/assets/17752-b7b54a0082b6bfa5.js → 200 (?ms, -824B)
[2026-07-03T07:28:32.881Z] GET https://github.githubassets.com/assets/chunk-52728-54adcb094a6cb392.js → 200 (?ms, -824B)
[2026-07-03T07:28:32.881Z] GET https://github.githubassets.com/assets/chunk-73937-d2ba93eb3d6799ac.js → 200 (?ms, -823B)
[2026-07-03T07:28:32.882Z] GET https://github.githubassets.com/assets/chunk-66575-5a4911f6e93d6d4e.js → 200 (?ms, -824B)
[2026-07-03T07:28:32.882Z] GET https://github.githubassets.com/assets/chunk-76753-ce40b2a240bc9ecf.js → 200 (?ms, -824B)
[2026-07-03T07:28:32.882Z] GET https://github.githubassets.com/assets/chunk-70776-ec739b2fcff4b72e.js → 200 (?ms, -823B)
[2026-07-03T07:28:32.882Z] GET https://github.githubassets.com/assets/chunk-46661-75eb5a67c9240584.js → 200 (?ms, -825B)
[2026-07-03T07:28:32.882Z] GET https://github.githubassets.com/assets/32883-1f9c982feb53337c.js → 200 (?ms, -825B)
[2026-07-03T07:28:32.882Z] GET https://github.githubassets.com/assets/38963.8add87f5d74d588c.module.css → 200 (?ms, -811B)
[2026-07-03T07:28:32.882Z] GET https://github.githubassets.com/assets/71236-1a242583000e86c3.js → 200 (?ms, -824B)
[2026-07-03T07:28:32.883Z] GET https://github.githubassets.com/assets/30444-8595c776a2fc5ad4.js → 200 (?ms, -825B)
[2026-07-03T07:28:32.883Z] GET https://github.githubassets.com/assets/57899-5dc730c5b129733c.js → 200 (?ms, -825B)
[2026-07-03T07:28:32.883Z] GET https://github.githubassets.com/assets/70168.9c6a74456c984b05.module.css → 200 (?ms, -810B)
[2026-07-03T07:28:32.883Z] GET https://github.githubassets.com/assets/chunk-lazy-react-partial-marketing-navigation-8dc38bf8bf2c4ae7.js → 200 (?ms, -823B)
[2026-07-03T07:28:32.899Z] POST https://collector.github.com/github/collect → pending (?ms, ?B)
[2026-07-03T07:28:32.910Z] GET https://github.githubassets.com/assets/chunk-85825-311c11e4756fbf7d.js → 200 (1ms, -825B)
[2026-07-03T07:28:32.911Z] GET https://github.githubassets.com/assets/appearance-settings.f3b91559daeb1c9c.module.css → 200 (?ms, -810B)
[2026-07-03T07:28:32.935Z] GET https://github.githubassets.com/assets/27961-8bd8b946f21e1736.js → 200 (?ms, -825B)
[2026-07-03T07:28:32.935Z] GET https://github.githubassets.com/assets/11668-d0eb3576a43d4496.js → 200 (?ms, -825B)
[2026-07-03T07:28:32.935Z] GET https://github.githubassets.com/assets/71849.0c921c3e358473b2.module.css → 200 (?ms, -810B)
[2026-07-03T07:28:32.935Z] GET https://github.githubassets.com/assets/chunk-lazy-react-partial-appearance-settings-b528a49fdeb6ac7f.js → 200 (?ms, -824B)
[2026-07-03T07:28:32.965Z] POST https://collector.github.com/github/collect → pending (?ms, ?B)
[2026-07-03T07:28:32.966Z] GET https://github.githubassets.com/assets/96037.a2ab76706d203e10.module.css → 200 (?ms, -809B)
[2026-07-03T07:28:32.966Z] GET https://github.githubassets.com/assets/chunk-96037-6b0fe0e482135333.js → 200 (?ms, -779B)
[2026-07-03T07:28:32.966Z] POST https://collector.github.com/github/collect → pending (?ms, ?B)
[2026-07-03T07:28:33.076Z] GET https://raw.githubusercontent.com/moshiur/portfolio/main/assets/careops/admin-dashboard.png → pending (?ms, ?B)
[2026-07-03T07:28:33.125Z] GET https://raw.githubusercontent.com/moshiur/portfolio/main/assets/careops/roster-dragdrop.png → pending (?ms, ?B)
[2026-07-03T07:28:33.192Z] GET https://raw.githubusercontent.com/moshiur/portfolio/main/assets/careops/mobile-clock-in.png → pending (?ms, ?B)
[2026-07-03T07:28:33.338Z] GET https://avatars.githubusercontent.com/u/289542?v=4&size=40 → 200 (?ms, -846B)
[2026-07-03T07:28:33.339Z] GET https://avatars.githubusercontent.com/u/81847?v=4&size=40 → 200 (?ms, -923B)
[2026-07-03T07:28:33.538Z] POST https://collector.github.com/github/collect → 204 (414ms, 470B)
[2026-07-03T07:28:33.545Z] POST https://api.github.com/_private/browser/stats → 200 (181ms, -17B)
[2026-07-03T07:28:33.546Z] POST https://collector.github.com/github/collect → 204 (117ms, 470B)
[2026-07-03T07:28:38.549Z] POST https://collector.github.com/github/collect → 204 (540ms, 470B)
